<?xml version="1.0" encoding="UTF-8"?>
<!-- Generated by org.testng.reporters.JUnitXMLReporter -->
<testsuite ignored="0" hostname="DESKTOP-GCBKI80" failures="1" tests="1" name="Test" time="35.545" errors="0" timestamp="2024-04-21T19:18:11 IST">
  <testcase classname="guru99.Banking.Test.loginTest" name="case1" time="13.19">
    <failure type="java.lang.NullPointerException" message="Cannot invoke &amp;quot;org.openqa.selenium.WebDriver.findElement(org.openqa.selenium.By)&amp;quot; because &amp;quot;driver&amp;quot; is null">
      <![CDATA[java.lang.NullPointerException: Cannot invoke "org.openqa.selenium.WebDriver.findElement(org.openqa.selenium.By)" because "driver" is null
at org.openqa.selenium.support.ui.ExpectedConditions$42.apply(ExpectedConditions.java:1200)
at org.openqa.selenium.support.ui.ExpectedConditions$42.apply(ExpectedConditions.java:1196)
at org.openqa.selenium.support.ui.FluentWait.until(FluentWait.java:203)
at SeleniumBase.Base.element(Base.java:55)
at guru99.Banking.Pages.loginPage.login(loginPage.java:36)
at guru99.Banking.Test.loginTest.case1(loginTest.java:16)
at java.base/java.util.ArrayList.forEach(ArrayList.java:1596)
... Removed 25 stack frames]]>
    </failure>
  </testcase> <!-- case1 -->
</testsuite> <!-- Test -->
